app/build/intermediates/manifest_merge_blame_file/debug/manifest-merger-blame-debug-report.txt
1<?xml version="1.0" encoding="utf-8"?>
2<manifest xmlns:android="http://schemas.android.com/apk/res/android"
3    package="com.example.morseprevajalnik1"
4    android:versionCode="1"
5    android:versionName="1.0" >
6
7    <uses-sdk
8        android:minSdkVersion="18"
8-->src\main\AndroidManifest.xml
9        android:targetSdkVersion="30" />
9-->src\main\AndroidManifest.xml
10
11    <application
11-->src\main\AndroidManifest.xml:5:5-23:19
12        android:appComponentFactory="androidx.core.app.CoreComponentFactory"
12-->[androidx.core:core:1.3.1] AndroidManifest.xml:24:18-86
13        android:debuggable="true"
14        android:icon="@mipmap/ic_launcher_main"
14-->src\main\AndroidManifest.xml:6:9-48
15        android:label="@string/app_name"
15-->src\main\AndroidManifest.xml:7:9-41
16        android:roundIcon="@mipmap/ic_launcher_main_round"
16-->src\main\AndroidManifest.xml:9:9-59
17        android:supportsRtl="true"
17-->src\main\AndroidManifest.xml:10:9-35
18        android:theme="@style/Theme.MorsePrevajalnik1" >
18-->src\main\AndroidManifest.xml:11:9-55
19        <activity
19-->src\main\AndroidManifest.xml:13:9-20:20
20            android:name="com.example.morseprevajalnik1.MainActivity"
20-->src\main\AndroidManifest.xml:13:19-47
21            android:configChanges="orientation|screenSize"
21-->src\main\AndroidManifest.xml:13:48-94
22            android:screenOrientation="portrait" >
22-->src\main\AndroidManifest.xml:13:95-131
23            <intent-filter>
23-->src\main\AndroidManifest.xml:15:13-19:29
24                <action android:name="android.intent.action.MAIN" />
24-->src\main\AndroidManifest.xml:16:17-69
24-->src\main\AndroidManifest.xml:16:25-66
25
26                <category android:name="android.intent.category.LAUNCHER" />
26-->src\main\AndroidManifest.xml:18:17-77
26-->src\main\AndroidManifest.xml:18:27-74
27            </intent-filter>
28        </activity>
29        <activity
29-->src\main\AndroidManifest.xml:21:9-22:20
30            android:name="com.example.morseprevajalnik1.popup"
30-->src\main\AndroidManifest.xml:21:19-40
31            android:theme="@style/Theme.AppCompat.CustomTheme" >
31-->src\main\AndroidManifest.xml:21:41-91
32        </activity>
33    </application>
34
35</manifest>